% ott+11_3_aac=none:afr=on:afp=4000:afq=1.4:amm=off:anc=all:bs=unit_only:bsr=on:bce=on:fde=unused:irw=on:nm=64:newcnf=on:nwc=1:nicw=on:sac=on:sp=reverse_arity:uhcvi=on_31 on kozens-to-our-3
% Time limit reached!
% ------------------------------
% Version: Vampire 4.5.1 (commit 57a6f78c on 2020-07-15 11:59:04 +0200)
% Termination reason: Time limit
% Termination phase: Saturation

% Memory used [KB]: 245497
% Time elapsed: 4.200 s
% ------------------------------
% ------------------------------
% fmb+10_1_av=off:fmbsr=1.6:lma=on:nm=64:nwc=3:sp=reverse_arity:urr=on_258 on kozens-to-our-3
TRYING [1]
TRYING [2]
TRYING [3]
TRYING [4]
TRYING [5]
TRYING [6]
TRYING [7]
TRYING [8]
TRYING [9]
TRYING [10]
TRYING [11]
TRYING [12]
TRYING [13]
% Time limit reached!
% ------------------------------
% Version: Vampire 4.5.1 (commit 57a6f78c on 2020-07-15 11:59:04 +0200)
% Termination reason: Time limit
% Termination phase: Finite model building SAT solving

% Memory used [KB]: 1255374
% Time elapsed: 33.700 s
% ------------------------------
% ------------------------------
% ott-4_4_awrs=decay:awrsf=64:add=off:afr=on:afp=40000:afq=1.0:amm=off:bs=on:gs=on:gsaa=from_current:gsem=on:irw=on:lma=on:nm=64:newcnf=on:nwc=1:sac=on:sp=frequency:updr=off_36 on kozens-to-our-3
% Time limit reached!
% ------------------------------
% Version: Vampire 4.5.1 (commit 57a6f78c on 2020-07-15 11:59:04 +0200)
% Termination reason: Time limit
% Termination phase: Saturation

% Memory used [KB]: 259057
% Time elapsed: 4.800 s
% ------------------------------
% ------------------------------
% ott+10_128_av=off:bs=on:gsp=input_only:irw=on:lcm=predicate:lma=on:nm=0:nwc=1:sp=occurrence:urr=on:updr=off:uhcvi=on_231 on kozens-to-our-3
128418 Aborted by signal SIGHUP on kozens-to-our-3.p
% ------------------------------
% Version: Vampire 4.5.1 (commit 57a6f78c on 2020-07-15 11:59:04 +0200)
% Termination reason: Unknown
% Termination phase: Saturation

% Memory used [KB]: 651290
% Time elapsed: 17.132 s
% ------------------------------
% ------------------------------
