% ott+11_3_aac=none:afr=on:afp=4000:afq=1.4:amm=off:anc=all:bs=unit_only:bsr=on:bce=on:fde=unused:irw=on:nm=64:newcnf=on:nwc=1:nicw=on:sac=on:sp=reverse_arity:uhcvi=on_31 on kozens-equational-to-our-14
% Refutation found. Thanks to Tanya!
% SZS status Theorem for kozens-equational-to-our-14
% SZS output start Proof for kozens-equational-to-our-14
fof(f40,plain,(
  $false),
  inference(subsumption_resolution,[],[f26,f39])).
fof(f39,plain,(
  ( ! [X2,X0,X1] : (concat(union(X2,X1),X0) = union(concat(X2,X0),concat(X1,X0))) )),
  inference(cnf_transformation,[],[f9])).
fof(f9,axiom,(
  ! [X0,X1,X2] : concat(union(X2,X1),X0) = union(concat(X2,X0),concat(X1,X0))),
  file('kozens-equational-to-our-14.p',axiom_8)).
fof(f26,plain,(
  union(concat(sK0,sK1),concat(sK2,sK1)) != concat(union(sK0,sK2),sK1)),
  inference(cnf_transformation,[],[f25])).
fof(f25,plain,(
  ? [X0,X1,X2] : union(concat(X0,X1),concat(X2,X1)) != concat(union(X0,X2),X1)),
  inference(ennf_transformation,[],[f15])).
fof(f15,negated_conjecture,(
  ~! [X0,X1,X2] : union(concat(X0,X1),concat(X2,X1)) = concat(union(X0,X2),X1)),
  inference(negated_conjecture,[],[f14])).
fof(f14,conjecture,(
  ! [X0,X1,X2] : union(concat(X0,X1),concat(X2,X1)) = concat(union(X0,X2),X1)),
  file('kozens-equational-to-our-14.p',goal)).
% SZS output end Proof for kozens-equational-to-our-14
% ------------------------------
% Version: Vampire 4.5.1 (commit 57a6f78c on 2020-07-15 11:59:04 +0200)
% Termination reason: Refutation

% Memory used [KB]: 5373
% Time elapsed: 0.001 s
% ------------------------------
% ------------------------------
% Success in time 0.031 s
