% ott+11_3_aac=none:afr=on:afp=4000:afq=1.4:amm=off:anc=all:bs=unit_only:bsr=on:bce=on:fde=unused:irw=on:nm=64:newcnf=on:nwc=1:nicw=on:sac=on:sp=reverse_arity:uhcvi=on_31 on ours-to-kozen-3
% Refutation found. Thanks to Tanya!
% SZS status Theorem for ours-to-kozen-3
% SZS output start Proof for ours-to-kozen-3
fof(f42,plain,(
  $false),
  inference(subsumption_resolution,[],[f26,f30])).
fof(f30,plain,(
  ( ! [X0] : (union(X0,X0) = X0) )),
  inference(cnf_transformation,[],[f19])).
fof(f19,plain,(
  ! [X0] : union(X0,X0) = X0),
  inference(rectify,[],[f10])).
fof(f10,axiom,(
  ! [X1] : union(X1,X1) = X1),
  file('ours-to-kozen-3.p',axiom_9)).
fof(f26,plain,(
  sK0 != union(sK0,sK0)),
  inference(cnf_transformation,[],[f25])).
fof(f25,plain,(
  ? [X0] : union(X0,X0) != X0),
  inference(ennf_transformation,[],[f18])).
fof(f18,plain,(
  ~! [X0] : union(X0,X0) = X0),
  inference(rectify,[],[f17])).
fof(f17,negated_conjecture,(
  ~! [X1] : union(X1,X1) = X1),
  inference(negated_conjecture,[],[f16])).
fof(f16,conjecture,(
  ! [X1] : union(X1,X1) = X1),
  file('ours-to-kozen-3.p',goal)).
% SZS output end Proof for ours-to-kozen-3
% ------------------------------
% Version: Vampire 4.5.1 (commit 57a6f78c on 2020-07-15 11:59:04 +0200)
% Termination reason: Refutation

% Memory used [KB]: 5373
% Time elapsed: 0.001 s
% ------------------------------
% ------------------------------
% Success in time 0.02 s
